2016-01-23 19:47:33 DEBUG Server:63 - The chat server is running.
2016-01-23 19:47:40 DEBUG Server:129 - Registering client: 1
2016-01-23 19:47:40 DEBUG Client:197 - SUBMITNAME requested
2016-01-23 19:47:40 DEBUG Client:200 - NAMEACCEPTED received
2016-01-23 19:47:40 DEBUG Client:205 - Starting Heartbeat at: 2016/01/23 19:47:40
2016-01-23 19:47:40 DEBUG Server:164 - Message Recieved from: 1 Msg: HeartBeat: 2016/01/23 19:47:40
2016-01-23 19:47:40 DEBUG Client:203 - MESSAGE received: MESSAGE 1: HeartBeat: 2016/01/23 19:47:40
2016-01-23 19:47:45 DEBUG Server:164 - Message Recieved from: 1 Msg: HeartBeat: 2016/01/23 19:47:45
2016-01-23 19:47:45 DEBUG Client:203 - MESSAGE received: MESSAGE 1: HeartBeat: 2016/01/23 19:47:45
2016-01-23 19:47:50 DEBUG Server:164 - Message Recieved from: 1 Msg: HeartBeat: 2016/01/23 19:47:50
2016-01-23 19:47:50 DEBUG Client:203 - MESSAGE received: MESSAGE 1: HeartBeat: 2016/01/23 19:47:50
2016-01-23 19:47:52 DEBUG Server:159 - Exiting for client: 1
2016-01-23 19:47:52 DEBUG Server:188 - There are 0 clients
2016-01-23 19:48:22 DEBUG Client:119 - Setting test time: 10 seconds.
2016-01-23 19:48:22 DEBUG Client:124 - Setting server address to: localhost
2016-01-23 19:48:22 DEBUG Client:129 - Setting client name to: client1
2016-01-23 19:48:22 DEBUG Client:197 - SUBMITNAME requested
2016-01-23 19:48:22 DEBUG Server:129 - Registering client: client1
2016-01-23 19:48:22 DEBUG Client:200 - NAMEACCEPTED received
2016-01-23 19:48:22 DEBUG Client:205 - Starting Heartbeat at: 2016/01/23 19:48:22
2016-01-23 19:48:22 DEBUG Server:164 - Message Recieved from: client1 Msg: HeartBeat: 2016/01/23 19:48:22
2016-01-23 19:48:22 DEBUG Client:203 - MESSAGE received: MESSAGE client1: HeartBeat: 2016/01/23 19:48:22
2016-01-23 19:48:27 DEBUG Server:164 - Message Recieved from: client1 Msg: HeartBeat: 2016/01/23 19:48:27
2016-01-23 19:48:27 DEBUG Client:203 - MESSAGE received: MESSAGE client1: HeartBeat: 2016/01/23 19:48:27
2016-01-23 19:48:32 DEBUG Server:164 - Message Recieved from: client1 Msg: HeartBeat: 2016/01/23 19:48:32
2016-01-23 19:48:32 DEBUG Client:203 - MESSAGE received: MESSAGE client1: HeartBeat: 2016/01/23 19:48:32
2016-01-23 19:48:34 DEBUG Server:188 - There are 0 clients
2016-01-23 21:25:49 DEBUG Server:63 - The test server is running.
2016-01-23 21:26:00 DEBUG Client:126 - Setting test time: 10 seconds.
2016-01-23 21:26:00 DEBUG Client:131 - Setting server address to: localhost
2016-01-23 21:26:00 DEBUG Client:136 - Setting client name to: client1
2016-01-23 21:26:00 DEBUG Client:204 - SUBMITNAME requested
2016-01-23 21:26:00 DEBUG Server:129 - Registering client: client1
2016-01-23 21:26:00 DEBUG Client:207 - NAMEACCEPTED received
2016-01-23 21:26:00 DEBUG Client:212 - Starting Heartbeat: 2016/01/23 21:26:00
2016-01-23 21:26:00 DEBUG Client:217 - Starting Storage Performance Test: 2016/01/23 21:26:00
2016-01-23 21:26:00 DEBUG Server:166 - Message Recieved from: client1 Msg: HeartBeat: 2016/01/23 21:26:00
2016-01-23 21:26:05 DEBUG Server:166 - Message Recieved from: client1 Msg: HeartBeat: 2016/01/23 21:26:05
2016-01-23 21:26:10 DEBUG Server:166 - Message Recieved from: client1 Msg: HeartBeat: 2016/01/23 21:26:10
2016-01-23 21:26:15 DEBUG Server:166 - Message Recieved from: client1 Msg: HeartBeat: 2016/01/23 21:26:15
2016-01-23 21:26:20 DEBUG Server:166 - Message Recieved from: client1 Msg: HeartBeat: 2016/01/23 21:26:20
2016-01-23 21:26:25 DEBUG Server:166 - Message Recieved from: client1 Msg: HeartBeat: 2016/01/23 21:26:25
2016-01-23 21:26:30 DEBUG Server:166 - Message Recieved from: client1 Msg: HeartBeat: 2016/01/23 21:26:30
2016-01-23 21:26:35 DEBUG Server:166 - Message Recieved from: client1 Msg: HeartBeat: 2016/01/23 21:26:35
2016-01-23 21:26:40 DEBUG Server:166 - Message Recieved from: client1 Msg: HeartBeat: 2016/01/23 21:26:40
2016-01-23 21:26:45 DEBUG Server:166 - Message Recieved from: client1 Msg: HeartBeat: 2016/01/23 21:26:45
2016-01-23 21:26:49 DEBUG Client:210 - MESSAGE received: MESSAGE client1: HeartBeat: 2016/01/23 21:26:00
2016-01-23 21:26:49 DEBUG Client:210 - MESSAGE received: MESSAGE client1: HeartBeat: 2016/01/23 21:26:05
2016-01-23 21:26:49 DEBUG Client:210 - MESSAGE received: MESSAGE client1: HeartBeat: 2016/01/23 21:26:10
2016-01-23 21:26:49 DEBUG Client:210 - MESSAGE received: MESSAGE client1: HeartBeat: 2016/01/23 21:26:15
2016-01-23 21:26:49 DEBUG Client:210 - MESSAGE received: MESSAGE client1: HeartBeat: 2016/01/23 21:26:20
2016-01-23 21:26:49 DEBUG Client:210 - MESSAGE received: MESSAGE client1: HeartBeat: 2016/01/23 21:26:25
2016-01-23 21:26:49 DEBUG Client:210 - MESSAGE received: MESSAGE client1: HeartBeat: 2016/01/23 21:26:30
2016-01-23 21:26:49 DEBUG Client:210 - MESSAGE received: MESSAGE client1: HeartBeat: 2016/01/23 21:26:35
2016-01-23 21:26:49 DEBUG Client:210 - MESSAGE received: MESSAGE client1: HeartBeat: 2016/01/23 21:26:40
2016-01-23 21:26:49 DEBUG Client:210 - MESSAGE received: MESSAGE client1: HeartBeat: 2016/01/23 21:26:45
2016-01-23 21:26:50 DEBUG Server:166 - Message Recieved from: client1 Msg: HeartBeat: 2016/01/23 21:26:50
2016-01-23 21:26:50 DEBUG Client:210 - MESSAGE received: MESSAGE client1: HeartBeat: 2016/01/23 21:26:50
2016-01-23 21:26:55 DEBUG Server:166 - Message Recieved from: client1 Msg: HeartBeat: 2016/01/23 21:26:55
2016-01-23 21:26:55 DEBUG Client:210 - MESSAGE received: MESSAGE client1: HeartBeat: 2016/01/23 21:26:55
2016-01-23 21:27:00 DEBUG Server:166 - Message Recieved from: client1 Msg: HeartBeat: 2016/01/23 21:27:00
2016-01-23 21:27:00 DEBUG Client:210 - MESSAGE received: MESSAGE client1: HeartBeat: 2016/01/23 21:27:00
2016-01-23 21:27:04 DEBUG Server:190 - There are 0 clients
2016-01-23 22:57:23 DEBUG Server:63 - The test server is running.
2016-01-23 22:58:30 DEBUG Server:129 - Registering client: null
2016-01-23 22:58:30 DEBUG Client:209 - SUBMITNAME requested
2016-01-23 22:58:30 DEBUG Client:212 - NAMEACCEPTED received
2016-01-23 22:58:30 DEBUG Client:217 - Starting Heartbeat: 2016/01/23 22:58:30
2016-01-23 22:58:30 DEBUG Client:222 - Starting Storage Performance Test: 2016/01/23 22:58:30
2016-01-23 22:58:30 DEBUG Server:166 - Message Recieved from: null Msg: HeartBeat: 2016/01/23 22:58:30
2016-01-23 22:58:31 DEBUG Client:215 - MESSAGE received: MESSAGE null: HeartBeat: 2016/01/23 22:58:30
2016-01-23 22:58:32 DEBUG Server:190 - There are 0 clients
2016-01-23 23:17:07 DEBUG Server:129 - Registering client: null
2016-01-23 23:17:07 DEBUG Client:215 - SUBMITNAME requested
2016-01-23 23:17:07 DEBUG Client:218 - NAMEACCEPTED received
2016-01-23 23:17:07 DEBUG Client:223 - Starting Heartbeat: 2016/01/23 23:17:07
2016-01-23 23:17:07 DEBUG Client:228 - Starting Storage Performance Test: 2016/01/23 23:17:07
2016-01-23 23:17:07 DEBUG Server:166 - Message Recieved from: null Msg: HeartBeat: 2016/01/23 23:17:07
2016-01-23 23:17:07 DEBUG Client:221 - MESSAGE received: MESSAGE null: HeartBeat: 2016/01/23 23:17:07
2016-01-23 23:17:08 DEBUG Server:190 - There are 0 clients
2016-01-23 23:21:43 DEBUG Server:129 - Registering client: null
2016-01-23 23:21:43 DEBUG Client:215 - SUBMITNAME requested
2016-01-23 23:21:43 DEBUG Client:218 - NAMEACCEPTED received
2016-01-23 23:21:43 DEBUG Client:223 - Starting Heartbeat: 2016/01/23 23:21:43
2016-01-23 23:21:43 DEBUG Client:228 - Starting Storage Performance Test: 2016/01/23 23:21:43
2016-01-23 23:21:43 DEBUG Server:166 - Message Recieved from: null Msg: HeartBeat: 2016/01/23 23:21:43
2016-01-23 23:21:44 DEBUG Client:221 - MESSAGE received: MESSAGE null: HeartBeat: 2016/01/23 23:21:43
2016-01-23 23:21:47 DEBUG Server:190 - There are 0 clients
2016-01-23 23:22:01 DEBUG Server:129 - Registering client: null
2016-01-23 23:22:01 DEBUG Client:215 - SUBMITNAME requested
2016-01-23 23:22:01 DEBUG Client:218 - NAMEACCEPTED received
2016-01-23 23:22:01 DEBUG Client:223 - Starting Heartbeat: 2016/01/23 23:22:01
2016-01-23 23:22:01 DEBUG Client:228 - Starting Storage Performance Test: 2016/01/23 23:22:01
2016-01-23 23:22:01 DEBUG Server:166 - Message Recieved from: null Msg: HeartBeat: 2016/01/23 23:22:01
2016-01-23 23:22:01 DEBUG Client:221 - MESSAGE received: MESSAGE null: HeartBeat: 2016/01/23 23:22:01
2016-01-23 23:22:06 DEBUG Server:166 - Message Recieved from: null Msg: HeartBeat: 2016/01/23 23:22:06
2016-01-23 23:22:06 DEBUG Client:221 - MESSAGE received: MESSAGE null: HeartBeat: 2016/01/23 23:22:06
2016-01-23 23:22:11 DEBUG Server:166 - Message Recieved from: null Msg: HeartBeat: 2016/01/23 23:22:11
2016-01-23 23:22:11 DEBUG Client:221 - MESSAGE received: MESSAGE null: HeartBeat: 2016/01/23 23:22:11
2016-01-23 23:22:16 DEBUG Server:166 - Message Recieved from: null Msg: HeartBeat: 2016/01/23 23:22:16
2016-01-23 23:22:16 DEBUG Client:221 - MESSAGE received: MESSAGE null: HeartBeat: 2016/01/23 23:22:16
2016-01-23 23:22:21 DEBUG Server:166 - Message Recieved from: null Msg: HeartBeat: 2016/01/23 23:22:21
2016-01-23 23:22:21 DEBUG Client:221 - MESSAGE received: MESSAGE null: HeartBeat: 2016/01/23 23:22:21
2016-01-23 23:22:26 DEBUG Server:166 - Message Recieved from: null Msg: HeartBeat: 2016/01/23 23:22:26
2016-01-23 23:22:26 DEBUG Client:221 - MESSAGE received: MESSAGE null: HeartBeat: 2016/01/23 23:22:26
2016-01-23 23:22:31 DEBUG Server:166 - Message Recieved from: null Msg: HeartBeat: 2016/01/23 23:22:31
2016-01-23 23:22:31 DEBUG Client:221 - MESSAGE received: MESSAGE null: HeartBeat: 2016/01/23 23:22:31
2016-01-23 23:22:36 DEBUG Server:166 - Message Recieved from: null Msg: HeartBeat: 2016/01/23 23:22:36
2016-01-23 23:22:36 DEBUG Client:221 - MESSAGE received: MESSAGE null: HeartBeat: 2016/01/23 23:22:36
2016-01-23 23:22:41 DEBUG Server:166 - Message Recieved from: null Msg: HeartBeat: 2016/01/23 23:22:41
2016-01-23 23:22:41 DEBUG Client:221 - MESSAGE received: MESSAGE null: HeartBeat: 2016/01/23 23:22:41
2016-01-23 23:22:46 DEBUG Server:166 - Message Recieved from: null Msg: HeartBeat: 2016/01/23 23:22:46
2016-01-23 23:22:46 DEBUG Client:221 - MESSAGE received: MESSAGE null: HeartBeat: 2016/01/23 23:22:46
2016-01-23 23:22:51 DEBUG Server:166 - Message Recieved from: null Msg: HeartBeat: 2016/01/23 23:22:51
2016-01-23 23:22:51 DEBUG Client:221 - MESSAGE received: MESSAGE null: HeartBeat: 2016/01/23 23:22:51
2016-01-23 23:22:56 DEBUG Server:166 - Message Recieved from: null Msg: HeartBeat: 2016/01/23 23:22:56
2016-01-23 23:22:56 DEBUG Client:221 - MESSAGE received: MESSAGE null: HeartBeat: 2016/01/23 23:22:56
2016-01-23 23:23:01 DEBUG Server:166 - Message Recieved from: null Msg: HeartBeat: 2016/01/23 23:23:01
2016-01-23 23:23:01 DEBUG Client:221 - MESSAGE received: MESSAGE null: HeartBeat: 2016/01/23 23:23:01
2016-01-23 23:23:06 DEBUG Server:166 - Message Recieved from: null Msg: HeartBeat: 2016/01/23 23:23:06
2016-01-23 23:23:06 DEBUG Client:221 - MESSAGE received: MESSAGE null: HeartBeat: 2016/01/23 23:23:06
2016-01-23 23:23:11 DEBUG Server:166 - Message Recieved from: null Msg: HeartBeat: 2016/01/23 23:23:11
2016-01-23 23:23:11 DEBUG Client:221 - MESSAGE received: MESSAGE null: HeartBeat: 2016/01/23 23:23:11
2016-01-23 23:23:16 DEBUG Server:166 - Message Recieved from: null Msg: HeartBeat: 2016/01/23 23:23:16
2016-01-23 23:23:16 DEBUG Client:221 - MESSAGE received: MESSAGE null: HeartBeat: 2016/01/23 23:23:16
2016-01-23 23:23:21 DEBUG Server:166 - Message Recieved from: null Msg: HeartBeat: 2016/01/23 23:23:21
2016-01-23 23:23:21 DEBUG Client:221 - MESSAGE received: MESSAGE null: HeartBeat: 2016/01/23 23:23:21
2016-01-23 23:23:26 DEBUG Server:166 - Message Recieved from: null Msg: HeartBeat: 2016/01/23 23:23:26
2016-01-23 23:23:26 DEBUG Client:221 - MESSAGE received: MESSAGE null: HeartBeat: 2016/01/23 23:23:26
2016-01-23 23:23:31 DEBUG Server:166 - Message Recieved from: null Msg: HeartBeat: 2016/01/23 23:23:31
2016-01-23 23:23:31 DEBUG Client:221 - MESSAGE received: MESSAGE null: HeartBeat: 2016/01/23 23:23:31
2016-01-23 23:23:36 DEBUG Server:166 - Message Recieved from: null Msg: HeartBeat: 2016/01/23 23:23:36
2016-01-23 23:23:36 DEBUG Client:221 - MESSAGE received: MESSAGE null: HeartBeat: 2016/01/23 23:23:36
2016-01-23 23:23:41 DEBUG Server:166 - Message Recieved from: null Msg: HeartBeat: 2016/01/23 23:23:41
2016-01-23 23:23:41 DEBUG Client:221 - MESSAGE received: MESSAGE null: HeartBeat: 2016/01/23 23:23:41
2016-01-23 23:23:46 DEBUG Server:166 - Message Recieved from: null Msg: HeartBeat: 2016/01/23 23:23:46
2016-01-23 23:23:46 DEBUG Client:221 - MESSAGE received: MESSAGE null: HeartBeat: 2016/01/23 23:23:46
2016-01-23 23:23:51 DEBUG Server:166 - Message Recieved from: null Msg: HeartBeat: 2016/01/23 23:23:51
2016-01-23 23:23:51 DEBUG Client:221 - MESSAGE received: MESSAGE null: HeartBeat: 2016/01/23 23:23:51
2016-01-23 23:23:56 DEBUG Server:166 - Message Recieved from: null Msg: HeartBeat: 2016/01/23 23:23:56
2016-01-23 23:23:56 DEBUG Client:221 - MESSAGE received: MESSAGE null: HeartBeat: 2016/01/23 23:23:56
2016-01-23 23:24:01 DEBUG Server:166 - Message Recieved from: null Msg: HeartBeat: 2016/01/23 23:24:01
2016-01-23 23:24:01 DEBUG Client:221 - MESSAGE received: MESSAGE null: HeartBeat: 2016/01/23 23:24:01
2016-01-23 23:24:06 DEBUG Server:166 - Message Recieved from: null Msg: HeartBeat: 2016/01/23 23:24:06
2016-01-23 23:24:06 DEBUG Client:221 - MESSAGE received: MESSAGE null: HeartBeat: 2016/01/23 23:24:06
2016-01-23 23:24:06 DEBUG Server:190 - There are 0 clients
2016-01-23 23:27:00 DEBUG Server:129 - Registering client: null
2016-01-23 23:27:00 DEBUG Client:210 - SUBMITNAME requested
2016-01-23 23:27:00 DEBUG Client:213 - NAMEACCEPTED received
2016-01-23 23:27:00 DEBUG Client:218 - Starting Heartbeat: 2016/01/23 23:27:00
2016-01-23 23:27:00 DEBUG Client:223 - Starting Storage Performance Test: 2016/01/23 23:27:00
2016-01-23 23:27:00 DEBUG Server:166 - Message Recieved from: null Msg: HeartBeat: 2016/01/23 23:27:00
2016-01-23 23:27:00 DEBUG Client:216 - MESSAGE received: MESSAGE null: HeartBeat: 2016/01/23 23:27:00
2016-01-23 23:27:01 DEBUG Server:190 - There are 0 clients
2016-01-23 23:29:52 DEBUG Client:133 - Setting test time: 10000 seconds.
2016-01-23 23:29:52 DEBUG Client:138 - Setting server address to: localhost
2016-01-23 23:29:52 DEBUG Client:143 - Setting client name to: client1
2016-01-23 23:29:52 DEBUG Client:211 - SUBMITNAME requested
2016-01-23 23:29:52 DEBUG Server:129 - Registering client: client1
2016-01-23 23:29:52 DEBUG Client:214 - NAMEACCEPTED received
2016-01-23 23:29:52 DEBUG Client:219 - Starting Heartbeat: 2016/01/23 23:29:52
2016-01-23 23:29:52 DEBUG Client:224 - Starting Storage Performance Test: 2016/01/23 23:29:52
2016-01-23 23:29:52 DEBUG Server:166 - Message Recieved from: client1 Msg: HeartBeat: 2016/01/23 23:29:52
2016-01-23 23:29:52 DEBUG Client:217 - MESSAGE received: MESSAGE client1: HeartBeat: 2016/01/23 23:29:52
2016-01-23 23:29:57 DEBUG Server:166 - Message Recieved from: client1 Msg: HeartBeat: 2016/01/23 23:29:57
2016-01-23 23:29:57 DEBUG Client:217 - MESSAGE received: MESSAGE client1: HeartBeat: 2016/01/23 23:29:57
2016-01-23 23:30:02 DEBUG Server:166 - Message Recieved from: client1 Msg: HeartBeat: 2016/01/23 23:30:02
2016-01-23 23:30:02 DEBUG Client:217 - MESSAGE received: MESSAGE client1: HeartBeat: 2016/01/23 23:30:02
2016-01-23 23:30:07 DEBUG Server:166 - Message Recieved from: client1 Msg: HeartBeat: 2016/01/23 23:30:07
2016-01-23 23:30:07 DEBUG Client:217 - MESSAGE received: MESSAGE client1: HeartBeat: 2016/01/23 23:30:07
2016-01-23 23:30:12 DEBUG Server:166 - Message Recieved from: client1 Msg: HeartBeat: 2016/01/23 23:30:12
2016-01-23 23:30:12 DEBUG Client:217 - MESSAGE received: MESSAGE client1: HeartBeat: 2016/01/23 23:30:12
2016-01-23 23:30:17 DEBUG Server:166 - Message Recieved from: client1 Msg: HeartBeat: 2016/01/23 23:30:17
2016-01-23 23:30:17 DEBUG Client:217 - MESSAGE received: MESSAGE client1: HeartBeat: 2016/01/23 23:30:17
2016-01-23 23:30:22 DEBUG Server:166 - Message Recieved from: client1 Msg: HeartBeat: 2016/01/23 23:30:22
2016-01-23 23:30:22 DEBUG Client:217 - MESSAGE received: MESSAGE client1: HeartBeat: 2016/01/23 23:30:22
2016-01-23 23:30:27 DEBUG Server:166 - Message Recieved from: client1 Msg: HeartBeat: 2016/01/23 23:30:27
2016-01-23 23:30:27 DEBUG Client:217 - MESSAGE received: MESSAGE client1: HeartBeat: 2016/01/23 23:30:27
2016-01-23 23:30:32 DEBUG Server:166 - Message Recieved from: client1 Msg: HeartBeat: 2016/01/23 23:30:32
2016-01-23 23:30:32 DEBUG Client:217 - MESSAGE received: MESSAGE client1: HeartBeat: 2016/01/23 23:30:32
2016-01-23 23:30:37 DEBUG Server:166 - Message Recieved from: client1 Msg: HeartBeat: 2016/01/23 23:30:37
2016-01-23 23:30:37 DEBUG Client:217 - MESSAGE received: MESSAGE client1: HeartBeat: 2016/01/23 23:30:37
2016-01-23 23:30:42 DEBUG Server:166 - Message Recieved from: client1 Msg: HeartBeat: 2016/01/23 23:30:42
2016-01-23 23:30:42 DEBUG Client:217 - MESSAGE received: MESSAGE client1: HeartBeat: 2016/01/23 23:30:42
2016-01-23 23:30:47 DEBUG Server:166 - Message Recieved from: client1 Msg: HeartBeat: 2016/01/23 23:30:47
2016-01-23 23:30:47 DEBUG Client:217 - MESSAGE received: MESSAGE client1: HeartBeat: 2016/01/23 23:30:47
2016-01-23 23:30:52 DEBUG Server:166 - Message Recieved from: client1 Msg: HeartBeat: 2016/01/23 23:30:52
2016-01-23 23:30:52 DEBUG Client:217 - MESSAGE received: MESSAGE client1: HeartBeat: 2016/01/23 23:30:52
2016-01-23 23:30:57 DEBUG Server:166 - Message Recieved from: client1 Msg: HeartBeat: 2016/01/23 23:30:57
2016-01-23 23:30:57 DEBUG Client:217 - MESSAGE received: MESSAGE client1: HeartBeat: 2016/01/23 23:30:57
2016-01-23 23:31:02 DEBUG Server:166 - Message Recieved from: client1 Msg: HeartBeat: 2016/01/23 23:31:02
2016-01-23 23:31:02 DEBUG Client:217 - MESSAGE received: MESSAGE client1: HeartBeat: 2016/01/23 23:31:02
2016-01-23 23:31:07 DEBUG Server:166 - Message Recieved from: client1 Msg: HeartBeat: 2016/01/23 23:31:07
2016-01-23 23:31:07 DEBUG Client:217 - MESSAGE received: MESSAGE client1: HeartBeat: 2016/01/23 23:31:07
2016-01-23 23:31:12 DEBUG Server:166 - Message Recieved from: client1 Msg: HeartBeat: 2016/01/23 23:31:12
2016-01-23 23:31:12 DEBUG Client:217 - MESSAGE received: MESSAGE client1: HeartBeat: 2016/01/23 23:31:12
2016-01-23 23:31:17 DEBUG Server:166 - Message Recieved from: client1 Msg: HeartBeat: 2016/01/23 23:31:17
2016-01-23 23:31:17 DEBUG Client:217 - MESSAGE received: MESSAGE client1: HeartBeat: 2016/01/23 23:31:17
2016-01-23 23:31:22 DEBUG Server:166 - Message Recieved from: client1 Msg: HeartBeat: 2016/01/23 23:31:22
2016-01-23 23:31:22 DEBUG Client:217 - MESSAGE received: MESSAGE client1: HeartBeat: 2016/01/23 23:31:22
2016-01-23 23:31:27 DEBUG Server:166 - Message Recieved from: client1 Msg: HeartBeat: 2016/01/23 23:31:27
2016-01-23 23:31:27 DEBUG Client:217 - MESSAGE received: MESSAGE client1: HeartBeat: 2016/01/23 23:31:27
2016-01-23 23:31:30 DEBUG Server:190 - There are 0 clients
2016-01-24 20:15:27 DEBUG Client:141 - Setting test time: 10000 seconds.
2016-01-24 20:15:27 DEBUG Client:146 - Setting server address to: 192.168.56.1
2016-01-24 20:15:27 DEBUG Client:151 - Setting client name to: client1
2016-01-24 20:15:27 DEBUG Client:207 - Start Time: 1453691727798
2016-01-24 20:15:27 DEBUG Client:227 - SUBMITNAME requested
2016-01-24 20:15:27 DEBUG Client:232 - NAMEACCEPTED received
2016-01-24 20:15:27 DEBUG Client:241 - Starting Heartbeat: 2016/01/24 20:15:27
2016-01-24 20:15:27 DEBUG Client:246 - Starting Storage Performance Test: 2016/01/24 20:15:27
2016-01-24 20:15:28 DEBUG Client:237 - MESSAGE received: MESSAGE client1: HeartBeat: 2016/01/24 20:15:27
2016-01-24 20:15:28 DEBUG Client:237 - MESSAGE received: MESSAGE client1: Status Memory: 53702656
2016-01-24 20:15:32 DEBUG Client:237 - MESSAGE received: MESSAGE client1: HeartBeat: 2016/01/24 20:15:32
2016-01-24 20:15:37 DEBUG Client:237 - MESSAGE received: MESSAGE client1: HeartBeat: 2016/01/24 20:15:37
2016-01-24 20:15:38 DEBUG Client:237 - MESSAGE received: MESSAGE client1: Status Memory: 53702656
2016-01-24 20:15:42 DEBUG Client:237 - MESSAGE received: MESSAGE client1: HeartBeat: 2016/01/24 20:15:42
2016-01-24 20:15:47 DEBUG Client:237 - MESSAGE received: MESSAGE client1: HeartBeat: 2016/01/24 20:15:47
2016-01-24 20:15:48 DEBUG Client:237 - MESSAGE received: MESSAGE client1: Status Memory: 53702656
2016-01-24 20:15:52 DEBUG Client:237 - MESSAGE received: MESSAGE client1: HeartBeat: 2016/01/24 20:15:52
2016-01-24 20:15:57 DEBUG Client:237 - MESSAGE received: MESSAGE client1: HeartBeat: 2016/01/24 20:15:57
2016-01-24 20:15:58 DEBUG Client:237 - MESSAGE received: MESSAGE client1: Status Memory: 53702656
2016-01-24 20:16:02 DEBUG Client:237 - MESSAGE received: MESSAGE client1: HeartBeat: 2016/01/24 20:16:02
2016-01-24 20:16:07 DEBUG Client:237 - MESSAGE received: MESSAGE client1: HeartBeat: 2016/01/24 20:16:07
2016-01-24 20:16:08 DEBUG Client:237 - MESSAGE received: MESSAGE client1: Status Memory: 53702656
2016-01-24 20:16:12 DEBUG Client:237 - MESSAGE received: MESSAGE client1: HeartBeat: 2016/01/24 20:16:12
2016-01-24 20:16:33 DEBUG Client:141 - Setting test time: 10 seconds.
2016-01-24 20:16:33 DEBUG Client:146 - Setting server address to: 192.168.56.1
2016-01-24 20:16:33 DEBUG Client:151 - Setting client name to: client1
2016-01-24 20:16:34 DEBUG Client:207 - Start Time: 1453691794044
2016-01-24 20:16:34 DEBUG Client:227 - SUBMITNAME requested
2016-01-24 20:16:34 DEBUG Client:232 - NAMEACCEPTED received
2016-01-24 20:16:34 DEBUG Client:241 - Starting Heartbeat: 2016/01/24 20:16:34
2016-01-24 20:16:34 DEBUG Client:246 - Starting Storage Performance Test: 2016/01/24 20:16:34
2016-01-24 20:16:34 DEBUG Client:237 - MESSAGE received: MESSAGE client1: HeartBeat: 2016/01/24 20:16:34
2016-01-24 20:16:34 DEBUG Client:237 - MESSAGE received: MESSAGE client1: Status Memory: 53702656
2016-01-24 20:16:39 DEBUG Client:237 - MESSAGE received: MESSAGE client1: HeartBeat: 2016/01/24 20:16:39
2016-01-24 20:16:44 DEBUG Client:237 - MESSAGE received: MESSAGE client1: HeartBeat: 2016/01/24 20:16:44
2016-01-24 20:16:44 DEBUG Client:259 - End Time: 1453691804085
2016-01-24 20:19:39 DEBUG Client:141 - Setting test time: 120 seconds.
2016-01-24 20:19:39 DEBUG Client:146 - Setting server address to: 192.168.56.1
2016-01-24 20:19:39 DEBUG Client:151 - Setting client name to: client1
2016-01-24 20:19:39 DEBUG Client:207 - Start Time: 1453691979758
2016-01-24 20:19:39 DEBUG Client:227 - SUBMITNAME requested
2016-01-24 20:19:39 DEBUG Client:232 - NAMEACCEPTED received
2016-01-24 20:19:39 DEBUG Client:241 - Starting Heartbeat: 2016/01/24 20:19:39
2016-01-24 20:19:39 DEBUG Client:246 - Starting Storage Performance Test: 2016/01/24 20:19:39
2016-01-24 20:19:40 DEBUG Client:237 - MESSAGE received: MESSAGE client1: HeartBeat: 2016/01/24 20:19:39
2016-01-24 20:19:40 DEBUG Client:237 - MESSAGE received: MESSAGE client1: Status Memory: 53702656
2016-01-24 20:19:44 DEBUG Client:237 - MESSAGE received: MESSAGE client1: HeartBeat: 2016/01/24 20:19:44
2016-01-24 20:23:45 DEBUG Client:141 - Setting test time: 120 seconds.
2016-01-24 20:23:45 DEBUG Client:146 - Setting server address to: 192.168.56.1
2016-01-24 20:23:45 DEBUG Client:151 - Setting client name to: clientlinux
2016-01-24 20:23:45 DEBUG Client:207 - Start Time: 1453692225654
2016-01-24 20:23:45 DEBUG Client:228 - SUBMITNAME requested
2016-01-24 20:23:45 DEBUG Client:233 - NAMEACCEPTED received
2016-01-24 20:23:45 DEBUG Client:242 - Starting Heartbeat: 2016/01/24 20:23:45
2016-01-24 20:23:45 DEBUG Client:247 - Starting Storage Performance Test: 2016/01/24 20:23:45
2016-01-24 20:23:46 DEBUG Client:238 - MESSAGE received: MESSAGE clientlinux: HeartBeat: 2016/01/24 20:23:45
2016-01-24 20:23:46 DEBUG Client:238 - MESSAGE received: MESSAGE clientlinux: Status Memory: 53702656
2016-01-24 20:23:50 DEBUG Client:238 - MESSAGE received: MESSAGE clientwin: HeartBeat: 2016/01/24 20:23:50
2016-01-24 20:23:50 DEBUG Client:238 - MESSAGE received: MESSAGE clientlinux: HeartBeat: 2016/01/24 20:23:50
2016-01-24 20:23:55 DEBUG Client:238 - MESSAGE received: MESSAGE clientwin: HeartBeat: 2016/01/24 20:23:55
2016-01-24 20:23:55 DEBUG Client:238 - MESSAGE received: MESSAGE clientwin: Status Memory: 53350400
2016-01-24 20:23:55 DEBUG Client:238 - MESSAGE received: MESSAGE clientlinux: HeartBeat: 2016/01/24 20:23:55
2016-01-24 20:23:56 DEBUG Client:238 - MESSAGE received: MESSAGE clientlinux: Status Memory: 53702656
2016-01-24 20:24:00 DEBUG Client:238 - MESSAGE received: MESSAGE clientwin: HeartBeat: 2016/01/24 20:24:00
2016-01-24 20:24:00 DEBUG Client:238 - MESSAGE received: MESSAGE clientlinux: HeartBeat: 2016/01/24 20:24:00
2016-01-24 20:24:05 DEBUG Client:238 - MESSAGE received: MESSAGE clientwin: HeartBeat: 2016/01/24 20:24:05
2016-01-24 20:24:05 DEBUG Client:238 - MESSAGE received: MESSAGE clientwin: Status Memory: 53350400
2016-01-24 20:24:05 DEBUG Client:238 - MESSAGE received: MESSAGE clientlinux: HeartBeat: 2016/01/24 20:24:05
2016-01-24 20:24:06 DEBUG Client:238 - MESSAGE received: MESSAGE clientlinux: Status Memory: 53702656
2016-01-24 20:24:10 DEBUG Client:238 - MESSAGE received: MESSAGE clientwin: HeartBeat: 2016/01/24 20:24:10
2016-01-24 20:24:10 DEBUG Client:238 - MESSAGE received: MESSAGE clientlinux: HeartBeat: 2016/01/24 20:24:10
2016-01-24 20:24:15 DEBUG Client:238 - MESSAGE received: MESSAGE clientwin: HeartBeat: 2016/01/24 20:24:15
2016-01-24 20:24:15 DEBUG Client:238 - MESSAGE received: MESSAGE clientwin: Status Memory: 53350400
2016-01-24 20:24:15 DEBUG Client:238 - MESSAGE received: MESSAGE clientlinux: HeartBeat: 2016/01/24 20:24:15
2016-01-24 20:24:16 DEBUG Client:238 - MESSAGE received: MESSAGE clientlinux: Status Memory: 53702656
2016-01-24 20:24:20 DEBUG Client:238 - MESSAGE received: MESSAGE clientwin: HeartBeat: 2016/01/24 20:24:20
2016-01-24 20:24:20 DEBUG Client:238 - MESSAGE received: MESSAGE clientlinux: HeartBeat: 2016/01/24 20:24:20
2016-01-24 20:24:25 DEBUG Client:238 - MESSAGE received: MESSAGE clientwin: HeartBeat: 2016/01/24 20:24:25
2016-01-24 20:24:25 DEBUG Client:238 - MESSAGE received: MESSAGE clientwin: Status Memory: 53350400
2016-01-24 20:24:25 DEBUG Client:238 - MESSAGE received: MESSAGE clientlinux: HeartBeat: 2016/01/24 20:24:25
2016-01-24 20:24:26 DEBUG Client:238 - MESSAGE received: MESSAGE clientlinux: Status Memory: 53702656
2016-01-24 20:24:30 DEBUG Client:238 - MESSAGE received: MESSAGE clientwin: HeartBeat: 2016/01/24 20:24:30
2016-01-24 20:24:30 DEBUG Client:238 - MESSAGE received: MESSAGE clientlinux: HeartBeat: 2016/01/24 20:24:30
2016-01-24 20:24:35 DEBUG Client:238 - MESSAGE received: MESSAGE clientwin: HeartBeat: 2016/01/24 20:24:35
2016-01-24 20:24:35 DEBUG Client:238 - MESSAGE received: MESSAGE clientlinux: HeartBeat: 2016/01/24 20:24:35
2016-01-24 20:24:36 DEBUG Client:238 - MESSAGE received: MESSAGE clientlinux: Status Memory: 53702656
2016-01-24 20:24:40 DEBUG Client:238 - MESSAGE received: MESSAGE clientlinux: HeartBeat: 2016/01/24 20:24:40
2016-01-24 20:24:45 DEBUG Client:238 - MESSAGE received: MESSAGE clientlinux: HeartBeat: 2016/01/24 20:24:45
2016-01-24 20:24:46 DEBUG Client:238 - MESSAGE received: MESSAGE clientlinux: Status Memory: 53702656
2016-01-24 20:24:50 DEBUG Client:238 - MESSAGE received: MESSAGE clientlinux: HeartBeat: 2016/01/24 20:24:50
2016-01-24 20:24:55 DEBUG Client:238 - MESSAGE received: MESSAGE clientlinux: HeartBeat: 2016/01/24 20:24:55
2016-01-24 20:24:56 DEBUG Client:238 - MESSAGE received: MESSAGE clientlinux: Status Memory: 53702656
2016-01-24 20:25:00 DEBUG Client:238 - MESSAGE received: MESSAGE clientlinux: HeartBeat: 2016/01/24 20:25:00
2016-01-24 20:25:05 DEBUG Client:238 - MESSAGE received: MESSAGE clientlinux: HeartBeat: 2016/01/24 20:25:05
2016-01-24 20:25:06 DEBUG Client:238 - MESSAGE received: MESSAGE clientlinux: Status Memory: 53702656
2016-01-24 20:25:10 DEBUG Client:238 - MESSAGE received: MESSAGE clientlinux: HeartBeat: 2016/01/24 20:25:10
2016-01-24 20:25:15 DEBUG Client:238 - MESSAGE received: MESSAGE clientlinux: HeartBeat: 2016/01/24 20:25:15
2016-01-24 20:25:16 DEBUG Client:238 - MESSAGE received: MESSAGE clientlinux: Status Memory: 53702656
2016-01-24 20:25:20 DEBUG Client:238 - MESSAGE received: MESSAGE clientlinux: HeartBeat: 2016/01/24 20:25:20
2016-01-24 20:25:25 DEBUG Client:238 - MESSAGE received: MESSAGE clientlinux: HeartBeat: 2016/01/24 20:25:25
2016-01-24 20:25:26 DEBUG Client:238 - MESSAGE received: MESSAGE clientlinux: Status Memory: 53702656
2016-01-24 20:25:30 DEBUG Client:238 - MESSAGE received: MESSAGE clientlinux: HeartBeat: 2016/01/24 20:25:30
2016-01-24 20:25:35 DEBUG Client:238 - MESSAGE received: MESSAGE clientlinux: HeartBeat: 2016/01/24 20:25:35
2016-01-24 20:25:36 DEBUG Client:238 - MESSAGE received: MESSAGE clientlinux: Status Memory: 53702656
2016-01-24 20:25:40 DEBUG Client:238 - MESSAGE received: MESSAGE clientlinux: HeartBeat: 2016/01/24 20:25:40
2016-01-24 20:25:45 DEBUG Client:238 - MESSAGE received: MESSAGE clientlinux: HeartBeat: 2016/01/24 20:25:45
2016-01-24 20:25:45 DEBUG Client:260 - End Time: 1453692345699
2016-01-24 21:10:30 DEBUG Client:141 - Setting test time: 120 seconds.
2016-01-24 21:10:30 DEBUG Client:146 - Setting server address to: 192.168.56.1
2016-01-24 21:10:30 DEBUG Client:151 - Setting client name to: clientlinux
2016-01-24 21:10:30 DEBUG Client:207 - Start Time: 1453695030806
2016-01-24 21:10:30 DEBUG Client:228 - SUBMITNAME requested
2016-01-24 21:10:30 DEBUG Client:233 - NAMEACCEPTED received
2016-01-24 21:10:30 DEBUG Client:242 - Starting Heartbeat: 2016/01/24 21:10:30
2016-01-24 21:10:30 DEBUG Client:247 - Starting Storage Performance Test: 2016/01/24 21:10:30
2016-01-24 21:10:31 DEBUG Client:238 - MESSAGE received: MESSAGE clientlinux: HeartBeat: 2016/01/24 21:10:30
2016-01-24 21:10:31 DEBUG Client:238 - MESSAGE received: MESSAGE clientlinux: Status Memory: 74678272
2016-01-24 21:10:35 DEBUG Client:238 - MESSAGE received: MESSAGE clientlinux: HeartBeat: 2016/01/24 21:10:35
2016-01-24 21:10:40 DEBUG Client:238 - MESSAGE received: MESSAGE clientlinux: HeartBeat: 2016/01/24 21:10:40
